[2026-02-16 18:50:36] local.ERROR: The C:\ICT11\ICT1\eduvalt-laravel\bootstrap\cache directory must be present and writable. {"exception":"[object] (Exception(code: 0): The C:\\ICT11\\ICT1\\eduvalt-laravel\\bootstrap\\cache directory must be present and writable. at C:/ICT11/ICT1/eduvalt-laravel/vendor/laravel/framework/src/Illuminate/Foundation/PackageManifest.php:179)
[stacktrace]
#0 C:/ICT11/ICT1/eduvalt-laravel/vendor/laravel/framework/src/Illuminate/Foundation/PackageManifest.php(132): Illuminate/Foundation/PackageManifest->write()
#1 C:/ICT11/ICT1/eduvalt-laravel/vendor/laravel/framework/src/Illuminate/Foundation/PackageManifest.php(108): Illuminate/Foundation/PackageManifest->build()
#2 C:/ICT11/ICT1/eduvalt-laravel/vendor/laravel/framework/src/Illuminate/Foundation/PackageManifest.php(90): Illuminate/Foundation/PackageManifest->getManifest()
#3 C:/ICT11/ICT1/eduvalt-laravel/vendor/laravel/framework/src/Illuminate/Foundation/PackageManifest.php(79): Illuminate/Foundation/PackageManifest->config()
#4 C:/ICT11/ICT1/eduvalt-laravel/vendor/laravel/framework/src/Illuminate/Foundation/Bootstrap/RegisterFacades.php(26): Illuminate/Foundation/PackageManifest->aliases()
#5 C:/ICT11/ICT1/eduvalt-laravel/vendor/laravel/framework/src/Illuminate/Foundation/Application.php(342): Illuminate/Foundation/Bootstrap/RegisterFacades->bootstrap()
#6 C:/ICT11/ICT1/eduvalt-laravel/vendor/laravel/framework/src/Illuminate/Foundation/Console/Kernel.php(494): Illuminate/Foundation/Application->bootstrapWith()
#7 C:/ICT11/ICT1/eduvalt-laravel/vendor/laravel/framework/src/Illuminate/Foundation/Console/Kernel.php(196): Illuminate/Foundation/Console/Kernel->bootstrap()
#8 C:/ICT11/ICT1/eduvalt-laravel/artisan(24): Illuminate/Foundation/Console/Kernel->handle()
#9 {main}
"} 
[2026-02-16 18:50:40] local.ERROR: The C:\ICT11\ICT1\eduvalt-laravel\bootstrap\cache directory must be present and writable. {"exception":"[object] (Exception(code: 0): The C:\\ICT11\\ICT1\\eduvalt-laravel\\bootstrap\\cache directory must be present and writable. at C:/ICT11/ICT1/eduvalt-laravel/vendor/laravel/framework/src/Illuminate/Foundation/PackageManifest.php:179)
[stacktrace]
#0 C:/ICT11/ICT1/eduvalt-laravel/vendor/laravel/framework/src/Illuminate/Foundation/PackageManifest.php(132): Illuminate/Foundation/PackageManifest->write()
#1 C:/ICT11/ICT1/eduvalt-laravel/vendor/laravel/framework/src/Illuminate/Foundation/PackageManifest.php(108): Illuminate/Foundation/PackageManifest->build()
#2 C:/ICT11/ICT1/eduvalt-laravel/vendor/laravel/framework/src/Illuminate/Foundation/PackageManifest.php(90): Illuminate/Foundation/PackageManifest->getManifest()
#3 C:/ICT11/ICT1/eduvalt-laravel/vendor/laravel/framework/src/Illuminate/Foundation/PackageManifest.php(79): Illuminate/Foundation/PackageManifest->config()
#4 C:/ICT11/ICT1/eduvalt-laravel/vendor/laravel/framework/src/Illuminate/Foundation/Bootstrap/RegisterFacades.php(26): Illuminate/Foundation/PackageManifest->aliases()
#5 C:/ICT11/ICT1/eduvalt-laravel/vendor/laravel/framework/src/Illuminate/Foundation/Application.php(342): Illuminate/Foundation/Bootstrap/RegisterFacades->bootstrap()
#6 C:/ICT11/ICT1/eduvalt-laravel/vendor/laravel/framework/src/Illuminate/Foundation/Console/Kernel.php(494): Illuminate/Foundation/Application->bootstrapWith()
#7 C:/ICT11/ICT1/eduvalt-laravel/vendor/laravel/framework/src/Illuminate/Foundation/Console/Kernel.php(196): Illuminate/Foundation/Console/Kernel->bootstrap()
#8 C:/ICT11/ICT1/eduvalt-laravel/artisan(24): Illuminate/Foundation/Console/Kernel->handle()
#9 {main}
"} 
[2026-02-16 18:51:58] local.ERROR: The C:\ICT11\ICT1\eduvalt-laravel\bootstrap\cache directory must be present and writable. {"exception":"[object] (Exception(code: 0): The C:\\ICT11\\ICT1\\eduvalt-laravel\\bootstrap\\cache directory must be present and writable. at C:/ICT11/ICT1/eduvalt-laravel/vendor/laravel/framework/src/Illuminate/Foundation/PackageManifest.php:179)
[stacktrace]
#0 C:/ICT11/ICT1/eduvalt-laravel/vendor/laravel/framework/src/Illuminate/Foundation/PackageManifest.php(132): Illuminate/Foundation/PackageManifest->write()
#1 C:/ICT11/ICT1/eduvalt-laravel/vendor/laravel/framework/src/Illuminate/Foundation/PackageManifest.php(108): Illuminate/Foundation/PackageManifest->build()
#2 C:/ICT11/ICT1/eduvalt-laravel/vendor/laravel/framework/src/Illuminate/Foundation/PackageManifest.php(90): Illuminate/Foundation/PackageManifest->getManifest()
#3 C:/ICT11/ICT1/eduvalt-laravel/vendor/laravel/framework/src/Illuminate/Foundation/PackageManifest.php(79): Illuminate/Foundation/PackageManifest->config()
#4 C:/ICT11/ICT1/eduvalt-laravel/vendor/laravel/framework/src/Illuminate/Foundation/Bootstrap/RegisterFacades.php(26): Illuminate/Foundation/PackageManifest->aliases()
#5 C:/ICT11/ICT1/eduvalt-laravel/vendor/laravel/framework/src/Illuminate/Foundation/Application.php(342): Illuminate/Foundation/Bootstrap/RegisterFacades->bootstrap()
#6 C:/ICT11/ICT1/eduvalt-laravel/vendor/laravel/framework/src/Illuminate/Foundation/Console/Kernel.php(494): Illuminate/Foundation/Application->bootstrapWith()
#7 C:/ICT11/ICT1/eduvalt-laravel/vendor/laravel/framework/src/Illuminate/Foundation/Console/Kernel.php(196): Illuminate/Foundation/Console/Kernel->bootstrap()
#8 C:/ICT11/ICT1/eduvalt-laravel/artisan(24): Illuminate/Foundation/Console/Kernel->handle()
#9 {main}
"} 
[2026-02-17 06:27:26] local.ERROR: Route [services] not defined. (View: C:\ICT11\ICT1\eduvalt-laravel\resources\views\pages\about.blade.php) {"exception":"[object] (Illuminate\\View\\ViewException(code: 0): Route [services] not defined. (View: C:\\ICT11\\ICT1\\eduvalt-laravel\\resources\\views\\pages\\about.blade.php) at C:/ICT11/ICT1/eduvalt-laravel/vendor/laravel/framework/src/Illuminate/Routing/UrlGenerator.php:528)
[stacktrace]
#0 C:/ICT11/ICT1/eduvalt-laravel/vendor/laravel/framework/src/Illuminate/View/Engines/PhpEngine.php(59): Illuminate/View/Engines/CompilerEngine->handleViewException()
#1 C:/ICT11/ICT1/eduvalt-laravel/vendor/laravel/framework/src/Illuminate/View/Engines/CompilerEngine.php(76): Illuminate/View/Engines/PhpEngine->evaluatePath()
#2 C:/ICT11/ICT1/eduvalt-laravel/vendor/laravel/framework/src/Illuminate/View/View.php(208): Illuminate/View/Engines/CompilerEngine->get()
#3 C:/ICT11/ICT1/eduvalt-laravel/vendor/laravel/framework/src/Illuminate/View/View.php(191): Illuminate/View/View->getContents()
#4 C:/ICT11/ICT1/eduvalt-laravel/vendor/laravel/framework/src/Illuminate/View/View.php(160): Illuminate/View/View->renderContents()
#5 C:/ICT11/ICT1/eduvalt-laravel/vendor/laravel/framework/src/Illuminate/Http/Response.php(78): Illuminate/View/View->render()
#6 C:/ICT11/ICT1/eduvalt-laravel/vendor/laravel/framework/src/Illuminate/Http/Response.php(34): Illuminate/Http/Response->setContent()
#7 C:/ICT11/ICT1/eduvalt-laravel/vendor/laravel/framework/src/Illuminate/Routing/Router.php(939): Illuminate/Http/Response->__construct()
#8 C:/ICT11/ICT1/eduvalt-laravel/vendor/laravel/framework/src/Illuminate/Routing/Router.php(906): Illuminate/Routing/Router::toResponse()
#9 C:/ICT11/ICT1/eduvalt-laravel/vendor/laravel/framework/src/Illuminate/Routing/Router.php(821): Illuminate/Routing/Router->prepareResponse()
#10 C:/ICT11/ICT1/eduvalt-laravel/vendor/laravel/framework/src/Illuminate/Pipeline/Pipeline.php(180): Illuminate/Routing/Router->{closure:Illuminate/Routing/Router::runRouteWithinStack():821}()
#11 C:/ICT11/ICT1/eduvalt-laravel/vendor/laravel/framework/src/Illuminate/Routing/Middleware/SubstituteBindings.php(50): Illuminate/Pipeline/Pipeline->{closure:Illuminate/Pipeline/Pipeline::prepareDestination():178}()
#12 C:/ICT11/ICT1/eduvalt-laravel/vendor/laravel/framework/src/Illuminate/Pipeline/Pipeline.php(219): Illuminate/Routing/Middleware/SubstituteBindings->handle()
#13 C:/ICT11/ICT1/eduvalt-laravel/vendor/laravel/framework/src/Illuminate/Foundation/Http/Middleware/VerifyCsrfToken.php(87): Illuminate/Pipeline/Pipeline->{closure:{closure:Illuminate/Pipeline/Pipeline::carry():194}:195}()
#14 C:/ICT11/ICT1/eduvalt-laravel/vendor/laravel/framework/src/Illuminate/Pipeline/Pipeline.php(219): Illuminate/Foundation/Http/Middleware/VerifyCsrfToken->handle()
#15 C:/ICT11/ICT1/eduvalt-laravel/vendor/laravel/framework/src/Illuminate/View/Middleware/ShareErrorsFromSession.php(48): Illuminate/Pipeline/Pipeline->{closure:{closure:Illuminate/Pipeline/Pipeline::carry():194}:195}()
#16 C:/ICT11/ICT1/eduvalt-laravel/vendor/laravel/framework/src/Illuminate/Pipeline/Pipeline.php(219): Illuminate/View/Middleware/ShareErrorsFromSession->handle()
#17 C:/ICT11/ICT1/eduvalt-laravel/vendor/laravel/framework/src/Illuminate/Session/Middleware/StartSession.php(120): Illuminate/Pipeline/Pipeline->{closure:{closure:Illuminate/Pipeline/Pipeline::carry():194}:195}()
#18 C:/ICT11/ICT1/eduvalt-laravel/vendor/laravel/framework/src/Illuminate/Session/Middleware/StartSession.php(63): Illuminate/Session/Middleware/StartSession->handleStatefulRequest()
#19 C:/ICT11/ICT1/eduvalt-laravel/vendor/laravel/framework/src/Illuminate/Pipeline/Pipeline.php(219): Illuminate/Session/Middleware/StartSession->handle()
#20 C:/ICT11/ICT1/eduvalt-laravel/vendor/laravel/framework/src/Illuminate/Cookie/Middleware/AddQueuedCookiesToResponse.php(36): Illuminate/Pipeline/Pipeline->{closure:{closure:Illuminate/Pipeline/Pipeline::carry():194}:195}()
#21 C:/ICT11/ICT1/eduvalt-laravel/vendor/laravel/framework/src/Illuminate/Pipeline/Pipeline.php(219): Illuminate/Cookie/Middleware/AddQueuedCookiesToResponse->handle()
#22 C:/ICT11/ICT1/eduvalt-laravel/vendor/laravel/framework/src/Illuminate/Cookie/Middleware/EncryptCookies.php(74): Illuminate/Pipeline/Pipeline->{closure:{closure:Illuminate/Pipeline/Pipeline::carry():194}:195}()
#23 C:/ICT11/ICT1/eduvalt-laravel/vendor/laravel/framework/src/Illuminate/Pipeline/Pipeline.php(219): Illuminate/Cookie/Middleware/EncryptCookies->handle()
#24 C:/ICT11/ICT1/eduvalt-laravel/vendor/laravel/framework/src/Illuminate/Pipeline/Pipeline.php(137): Illuminate/Pipeline/Pipeline->{closure:{closure:Illuminate/Pipeline/Pipeline::carry():194}:195}()
#25 C:/ICT11/ICT1/eduvalt-laravel/vendor/laravel/framework/src/Illuminate/Routing/Router.php(821): Illuminate/Pipeline/Pipeline->then()
#26 C:/ICT11/ICT1/eduvalt-laravel/vendor/laravel/framework/src/Illuminate/Routing/Router.php(800): Illuminate/Routing/Router->runRouteWithinStack()
#27 C:/ICT11/ICT1/eduvalt-laravel/vendor/laravel/framework/src/Illuminate/Routing/Router.php(764): Illuminate/Routing/Router->runRoute()
#28 C:/ICT11/ICT1/eduvalt-laravel/vendor/laravel/framework/src/Illuminate/Routing/Router.php(753): Illuminate/Routing/Router->dispatchToRoute()
#29 C:/ICT11/ICT1/eduvalt-laravel/vendor/laravel/framework/src/Illuminate/Foundation/Http/Kernel.php(200): Illuminate/Routing/Router->dispatch()
#30 C:/ICT11/ICT1/eduvalt-laravel/vendor/laravel/framework/src/Illuminate/Pipeline/Pipeline.php(180): Illuminate/Foundation/Http/Kernel->{closure:Illuminate/Foundation/Http/Kernel::dispatchToRouter():197}()
#31 C:/ICT11/ICT1/eduvalt-laravel/vendor/laravel/framework/src/Illuminate/Foundation/Http/Middleware/TransformsRequest.php(21): Illuminate/Pipeline/Pipeline->{closure:Illuminate/Pipeline/Pipeline::prepareDestination():178}()
#32 C:/ICT11/ICT1/eduvalt-laravel/vendor/laravel/framework/src/Illuminate/Foundation/Http/Middleware/ConvertEmptyStringsToNull.php(31): Illuminate/Foundation/Http/Middleware/TransformsRequest->handle()
#33 C:/ICT11/ICT1/eduvalt-laravel/vendor/laravel/framework/src/Illuminate/Pipeline/Pipeline.php(219): Illuminate/Foundation/Http/Middleware/ConvertEmptyStringsToNull->handle()
#34 C:/ICT11/ICT1/eduvalt-laravel/vendor/laravel/framework/src/Illuminate/Foundation/Http/Middleware/TransformsRequest.php(21): Illuminate/Pipeline/Pipeline->{closure:{closure:Illuminate/Pipeline/Pipeline::carry():194}:195}()
#35 C:/ICT11/ICT1/eduvalt-laravel/vendor/laravel/framework/src/Illuminate/Foundation/Http/Middleware/TrimStrings.php(51): Illuminate/Foundation/Http/Middleware/TransformsRequest->handle()
#36 C:/ICT11/ICT1/eduvalt-laravel/vendor/laravel/framework/src/Illuminate/Pipeline/Pipeline.php(219): Illuminate/Foundation/Http/Middleware/TrimStrings->handle()
#37 C:/ICT11/ICT1/eduvalt-laravel/vendor/laravel/framework/src/Illuminate/Http/Middleware/ValidatePostSize.php(27): Illuminate/Pipeline/Pipeline->{closure:{closure:Illuminate/Pipeline/Pipeline::carry():194}:195}()
#38 C:/ICT11/ICT1/eduvalt-laravel/vendor/laravel/framework/src/Illuminate/Pipeline/Pipeline.php(219): Illuminate/Http/Middleware/ValidatePostSize->handle()
#39 C:/ICT11/ICT1/eduvalt-laravel/vendor/laravel/framework/src/Illuminate/Foundation/Http/Middleware/PreventRequestsDuringMaintenance.php(109): Illuminate/Pipeline/Pipeline->{closure:{closure:Illuminate/Pipeline/Pipeline::carry():194}:195}()
#40 C:/ICT11/ICT1/eduvalt-laravel/vendor/laravel/framework/src/Illuminate/Pipeline/Pipeline.php(219): Illuminate/Foundation/Http/Middleware/PreventRequestsDuringMaintenance->handle()
#41 C:/ICT11/ICT1/eduvalt-laravel/vendor/laravel/framework/src/Illuminate/Http/Middleware/HandleCors.php(61): Illuminate/Pipeline/Pipeline->{closure:{closure:Illuminate/Pipeline/Pipeline::carry():194}:195}()
#42 C:/ICT11/ICT1/eduvalt-laravel/vendor/laravel/framework/src/Illuminate/Pipeline/Pipeline.php(219): Illuminate/Http/Middleware/HandleCors->handle()
#43 C:/ICT11/ICT1/eduvalt-laravel/vendor/laravel/framework/src/Illuminate/Http/Middleware/TrustProxies.php(58): Illuminate/Pipeline/Pipeline->{closure:{closure:Illuminate/Pipeline/Pipeline::carry():194}:195}()
#44 C:/ICT11/ICT1/eduvalt-laravel/vendor/laravel/framework/src/Illuminate/Pipeline/Pipeline.php(219): Illuminate/Http/Middleware/TrustProxies->handle()
#45 C:/ICT11/ICT1/eduvalt-laravel/vendor/laravel/framework/src/Illuminate/Pipeline/Pipeline.php(137): Illuminate/Pipeline/Pipeline->{closure:{closure:Illuminate/Pipeline/Pipeline::carry():194}:195}()
#46 C:/ICT11/ICT1/eduvalt-laravel/vendor/laravel/framework/src/Illuminate/Foundation/Http/Kernel.php(175): Illuminate/Pipeline/Pipeline->then()
#47 C:/ICT11/ICT1/eduvalt-laravel/vendor/laravel/framework/src/Illuminate/Foundation/Http/Kernel.php(144): Illuminate/Foundation/Http/Kernel->sendRequestThroughRouter()
#48 C:/ICT11/ICT1/eduvalt-laravel/public/index.php(36): Illuminate/Foundation/Http/Kernel->handle()
#49 C:/ICT11/ICT1/eduvalt-laravel/vendor/laravel/framework/src/Illuminate/Foundation/resources/server.php(23): require_once('...')
#50 {main}

[previous exception] [object] (Symfony\\Component\\Routing\\Exception\\RouteNotFoundException(code: 0): Route [services] not defined. at C:/ICT11/ICT1/eduvalt-laravel/vendor/laravel/framework/src/Illuminate/Routing/UrlGenerator.php:528)
[stacktrace]
#0 C:/ICT11/ICT1/eduvalt-laravel/vendor/laravel/framework/src/Illuminate/Foundation/helpers.php(870): Illuminate/Routing/UrlGenerator->route()
#1 C:/ICT11/ICT1/eduvalt-laravel/storage/framework/views/71e3d4f62463ec7f1c594ada94c637f4.php(38): route()
#2 C:/ICT11/ICT1/eduvalt-laravel/vendor/laravel/framework/src/Illuminate/Filesystem/Filesystem.php(123): require('...')
#3 C:/ICT11/ICT1/eduvalt-laravel/vendor/laravel/framework/src/Illuminate/Filesystem/Filesystem.php(124): Illuminate/Filesystem/Filesystem::{closure:Illuminate/Filesystem/Filesystem::getRequire():120}()
#4 C:/ICT11/ICT1/eduvalt-laravel/vendor/laravel/framework/src/Illuminate/View/Engines/PhpEngine.php(57): Illuminate/Filesystem/Filesystem->getRequire()
#5 C:/ICT11/ICT1/eduvalt-laravel/vendor/laravel/framework/src/Illuminate/View/Engines/CompilerEngine.php(76): Illuminate/View/Engines/PhpEngine->evaluatePath()
#6 C:/ICT11/ICT1/eduvalt-laravel/vendor/laravel/framework/src/Illuminate/View/View.php(208): Illuminate/View/Engines/CompilerEngine->get()
#7 C:/ICT11/ICT1/eduvalt-laravel/vendor/laravel/framework/src/Illuminate/View/View.php(191): Illuminate/View/View->getContents()
#8 C:/ICT11/ICT1/eduvalt-laravel/vendor/laravel/framework/src/Illuminate/View/View.php(160): Illuminate/View/View->renderContents()
#9 C:/ICT11/ICT1/eduvalt-laravel/vendor/laravel/framework/src/Illuminate/Http/Response.php(78): Illuminate/View/View->render()
#10 C:/ICT11/ICT1/eduvalt-laravel/vendor/laravel/framework/src/Illuminate/Http/Response.php(34): Illuminate/Http/Response->setContent()
#11 C:/ICT11/ICT1/eduvalt-laravel/vendor/laravel/framework/src/Illuminate/Routing/Router.php(939): Illuminate/Http/Response->__construct()
#12 C:/ICT11/ICT1/eduvalt-laravel/vendor/laravel/framework/src/Illuminate/Routing/Router.php(906): Illuminate/Routing/Router::toResponse()
#13 C:/ICT11/ICT1/eduvalt-laravel/vendor/laravel/framework/src/Illuminate/Routing/Router.php(821): Illuminate/Routing/Router->prepareResponse()
#14 C:/ICT11/ICT1/eduvalt-laravel/vendor/laravel/framework/src/Illuminate/Pipeline/Pipeline.php(180): Illuminate/Routing/Router->{closure:Illuminate/Routing/Router::runRouteWithinStack():821}()
#15 C:/ICT11/ICT1/eduvalt-laravel/vendor/laravel/framework/src/Illuminate/Routing/Middleware/SubstituteBindings.php(50): Illuminate/Pipeline/Pipeline->{closure:Illuminate/Pipeline/Pipeline::prepareDestination():178}()
#16 C:/ICT11/ICT1/eduvalt-laravel/vendor/laravel/framework/src/Illuminate/Pipeline/Pipeline.php(219): Illuminate/Routing/Middleware/SubstituteBindings->handle()
#17 C:/ICT11/ICT1/eduvalt-laravel/vendor/laravel/framework/src/Illuminate/Foundation/Http/Middleware/VerifyCsrfToken.php(87): Illuminate/Pipeline/Pipeline->{closure:{closure:Illuminate/Pipeline/Pipeline::carry():194}:195}()
#18 C:/ICT11/ICT1/eduvalt-laravel/vendor/laravel/framework/src/Illuminate/Pipeline/Pipeline.php(219): Illuminate/Foundation/Http/Middleware/VerifyCsrfToken->handle()
#19 C:/ICT11/ICT1/eduvalt-laravel/vendor/laravel/framework/src/Illuminate/View/Middleware/ShareErrorsFromSession.php(48): Illuminate/Pipeline/Pipeline->{closure:{closure:Illuminate/Pipeline/Pipeline::carry():194}:195}()
#20 C:/ICT11/ICT1/eduvalt-laravel/vendor/laravel/framework/src/Illuminate/Pipeline/Pipeline.php(219): Illuminate/View/Middleware/ShareErrorsFromSession->handle()
#21 C:/ICT11/ICT1/eduvalt-laravel/vendor/laravel/framework/src/Illuminate/Session/Middleware/StartSession.php(120): Illuminate/Pipeline/Pipeline->{closure:{closure:Illuminate/Pipeline/Pipeline::carry():194}:195}()
#22 C:/ICT11/ICT1/eduvalt-laravel/vendor/laravel/framework/src/Illuminate/Session/Middleware/StartSession.php(63): Illuminate/Session/Middleware/StartSession->handleStatefulRequest()
#23 C:/ICT11/ICT1/eduvalt-laravel/vendor/laravel/framework/src/Illuminate/Pipeline/Pipeline.php(219): Illuminate/Session/Middleware/StartSession->handle()
#24 C:/ICT11/ICT1/eduvalt-laravel/vendor/laravel/framework/src/Illuminate/Cookie/Middleware/AddQueuedCookiesToResponse.php(36): Illuminate/Pipeline/Pipeline->{closure:{closure:Illuminate/Pipeline/Pipeline::carry():194}:195}()
#25 C:/ICT11/ICT1/eduvalt-laravel/vendor/laravel/framework/src/Illuminate/Pipeline/Pipeline.php(219): Illuminate/Cookie/Middleware/AddQueuedCookiesToResponse->handle()
#26 C:/ICT11/ICT1/eduvalt-laravel/vendor/laravel/framework/src/Illuminate/Cookie/Middleware/EncryptCookies.php(74): Illuminate/Pipeline/Pipeline->{closure:{closure:Illuminate/Pipeline/Pipeline::carry():194}:195}()
#27 C:/ICT11/ICT1/eduvalt-laravel/vendor/laravel/framework/src/Illuminate/Pipeline/Pipeline.php(219): Illuminate/Cookie/Middleware/EncryptCookies->handle()
#28 C:/ICT11/ICT1/eduvalt-laravel/vendor/laravel/framework/src/Illuminate/Pipeline/Pipeline.php(137): Illuminate/Pipeline/Pipeline->{closure:{closure:Illuminate/Pipeline/Pipeline::carry():194}:195}()
#29 C:/ICT11/ICT1/eduvalt-laravel/vendor/laravel/framework/src/Illuminate/Routing/Router.php(821): Illuminate/Pipeline/Pipeline->then()
#30 C:/ICT11/ICT1/eduvalt-laravel/vendor/laravel/framework/src/Illuminate/Routing/Router.php(800): Illuminate/Routing/Router->runRouteWithinStack()
#31 C:/ICT11/ICT1/eduvalt-laravel/vendor/laravel/framework/src/Illuminate/Routing/Router.php(764): Illuminate/Routing/Router->runRoute()
#32 C:/ICT11/ICT1/eduvalt-laravel/vendor/laravel/framework/src/Illuminate/Routing/Router.php(753): Illuminate/Routing/Router->dispatchToRoute()
#33 C:/ICT11/ICT1/eduvalt-laravel/vendor/laravel/framework/src/Illuminate/Foundation/Http/Kernel.php(200): Illuminate/Routing/Router->dispatch()
#34 C:/ICT11/ICT1/eduvalt-laravel/vendor/laravel/framework/src/Illuminate/Pipeline/Pipeline.php(180): Illuminate/Foundation/Http/Kernel->{closure:Illuminate/Foundation/Http/Kernel::dispatchToRouter():197}()
#35 C:/ICT11/ICT1/eduvalt-laravel/vendor/laravel/framework/src/Illuminate/Foundation/Http/Middleware/TransformsRequest.php(21): Illuminate/Pipeline/Pipeline->{closure:Illuminate/Pipeline/Pipeline::prepareDestination():178}()
#36 C:/ICT11/ICT1/eduvalt-laravel/vendor/laravel/framework/src/Illuminate/Foundation/Http/Middleware/ConvertEmptyStringsToNull.php(31): Illuminate/Foundation/Http/Middleware/TransformsRequest->handle()
#37 C:/ICT11/ICT1/eduvalt-laravel/vendor/laravel/framework/src/Illuminate/Pipeline/Pipeline.php(219): Illuminate/Foundation/Http/Middleware/ConvertEmptyStringsToNull->handle()
#38 C:/ICT11/ICT1/eduvalt-laravel/vendor/laravel/framework/src/Illuminate/Foundation/Http/Middleware/TransformsRequest.php(21): Illuminate/Pipeline/Pipeline->{closure:{closure:Illuminate/Pipeline/Pipeline::carry():194}:195}()
#39 C:/ICT11/ICT1/eduvalt-laravel/vendor/laravel/framework/src/Illuminate/Foundation/Http/Middleware/TrimStrings.php(51): Illuminate/Foundation/Http/Middleware/TransformsRequest->handle()
#40 C:/ICT11/ICT1/eduvalt-laravel/vendor/laravel/framework/src/Illuminate/Pipeline/Pipeline.php(219): Illuminate/Foundation/Http/Middleware/TrimStrings->handle()
#41 C:/ICT11/ICT1/eduvalt-laravel/vendor/laravel/framework/src/Illuminate/Http/Middleware/ValidatePostSize.php(27): Illuminate/Pipeline/Pipeline->{closure:{closure:Illuminate/Pipeline/Pipeline::carry():194}:195}()
#42 C:/ICT11/ICT1/eduvalt-laravel/vendor/laravel/framework/src/Illuminate/Pipeline/Pipeline.php(219): Illuminate/Http/Middleware/ValidatePostSize->handle()
#43 C:/ICT11/ICT1/eduvalt-laravel/vendor/laravel/framework/src/Illuminate/Foundation/Http/Middleware/PreventRequestsDuringMaintenance.php(109): Illuminate/Pipeline/Pipeline->{closure:{closure:Illuminate/Pipeline/Pipeline::carry():194}:195}()
#44 C:/ICT11/ICT1/eduvalt-laravel/vendor/laravel/framework/src/Illuminate/Pipeline/Pipeline.php(219): Illuminate/Foundation/Http/Middleware/PreventRequestsDuringMaintenance->handle()
#45 C:/ICT11/ICT1/eduvalt-laravel/vendor/laravel/framework/src/Illuminate/Http/Middleware/HandleCors.php(61): Illuminate/Pipeline/Pipeline->{closure:{closure:Illuminate/Pipeline/Pipeline::carry():194}:195}()
#46 C:/ICT11/ICT1/eduvalt-laravel/vendor/laravel/framework/src/Illuminate/Pipeline/Pipeline.php(219): Illuminate/Http/Middleware/HandleCors->handle()
#47 C:/ICT11/ICT1/eduvalt-laravel/vendor/laravel/framework/src/Illuminate/Http/Middleware/TrustProxies.php(58): Illuminate/Pipeline/Pipeline->{closure:{closure:Illuminate/Pipeline/Pipeline::carry():194}:195}()
#48 C:/ICT11/ICT1/eduvalt-laravel/vendor/laravel/framework/src/Illuminate/Pipeline/Pipeline.php(219): Illuminate/Http/Middleware/TrustProxies->handle()
#49 C:/ICT11/ICT1/eduvalt-laravel/vendor/laravel/framework/src/Illuminate/Pipeline/Pipeline.php(137): Illuminate/Pipeline/Pipeline->{closure:{closure:Illuminate/Pipeline/Pipeline::carry():194}:195}()
#50 C:/ICT11/ICT1/eduvalt-laravel/vendor/laravel/framework/src/Illuminate/Foundation/Http/Kernel.php(175): Illuminate/Pipeline/Pipeline->then()
#51 C:/ICT11/ICT1/eduvalt-laravel/vendor/laravel/framework/src/Illuminate/Foundation/Http/Kernel.php(144): Illuminate/Foundation/Http/Kernel->sendRequestThroughRouter()
#52 C:/ICT11/ICT1/eduvalt-laravel/public/index.php(36): Illuminate/Foundation/Http/Kernel->handle()
#53 C:/ICT11/ICT1/eduvalt-laravel/vendor/laravel/framework/src/Illuminate/Foundation/resources/server.php(23): require_once('...')
#54 {main}
"} 
[2026-02-17 06:27:49] local.ERROR: Route [services] not defined. (View: C:\ICT11\ICT1\eduvalt-laravel\resources\views\pages\about.blade.php) {"exception":"[object] (Illuminate\\View\\ViewException(code: 0): Route [services] not defined. (View: C:\\ICT11\\ICT1\\eduvalt-laravel\\resources\\views\\pages\\about.blade.php) at C:/ICT11/ICT1/eduvalt-laravel/vendor/laravel/framework/src/Illuminate/Routing/UrlGenerator.php:528)
[stacktrace]
#0 C:/ICT11/ICT1/eduvalt-laravel/vendor/laravel/framework/src/Illuminate/View/Engines/PhpEngine.php(59): Illuminate/View/Engines/CompilerEngine->handleViewException()
#1 C:/ICT11/ICT1/eduvalt-laravel/vendor/laravel/framework/src/Illuminate/View/Engines/CompilerEngine.php(76): Illuminate/View/Engines/PhpEngine->evaluatePath()
#2 C:/ICT11/ICT1/eduvalt-laravel/vendor/laravel/framework/src/Illuminate/View/View.php(208): Illuminate/View/Engines/CompilerEngine->get()
#3 C:/ICT11/ICT1/eduvalt-laravel/vendor/laravel/framework/src/Illuminate/View/View.php(191): Illuminate/View/View->getContents()
#4 C:/ICT11/ICT1/eduvalt-laravel/vendor/laravel/framework/src/Illuminate/View/View.php(160): Illuminate/View/View->renderContents()
#5 C:/ICT11/ICT1/eduvalt-laravel/vendor/laravel/framework/src/Illuminate/Http/Response.php(78): Illuminate/View/View->render()
#6 C:/ICT11/ICT1/eduvalt-laravel/vendor/laravel/framework/src/Illuminate/Http/Response.php(34): Illuminate/Http/Response->setContent()
#7 C:/ICT11/ICT1/eduvalt-laravel/vendor/laravel/framework/src/Illuminate/Routing/Router.php(939): Illuminate/Http/Response->__construct()
#8 C:/ICT11/ICT1/eduvalt-laravel/vendor/laravel/framework/src/Illuminate/Routing/Router.php(906): Illuminate/Routing/Router::toResponse()
#9 C:/ICT11/ICT1/eduvalt-laravel/vendor/laravel/framework/src/Illuminate/Routing/Router.php(821): Illuminate/Routing/Router->prepareResponse()
#10 C:/ICT11/ICT1/eduvalt-laravel/vendor/laravel/framework/src/Illuminate/Pipeline/Pipeline.php(180): Illuminate/Routing/Router->{closure:Illuminate/Routing/Router::runRouteWithinStack():821}()
#11 C:/ICT11/ICT1/eduvalt-laravel/vendor/laravel/framework/src/Illuminate/Routing/Middleware/SubstituteBindings.php(50): Illuminate/Pipeline/Pipeline->{closure:Illuminate/Pipeline/Pipeline::prepareDestination():178}()
#12 C:/ICT11/ICT1/eduvalt-laravel/vendor/laravel/framework/src/Illuminate/Pipeline/Pipeline.php(219): Illuminate/Routing/Middleware/SubstituteBindings->handle()
#13 C:/ICT11/ICT1/eduvalt-laravel/vendor/laravel/framework/src/Illuminate/Foundation/Http/Middleware/VerifyCsrfToken.php(87): Illuminate/Pipeline/Pipeline->{closure:{closure:Illuminate/Pipeline/Pipeline::carry():194}:195}()
#14 C:/ICT11/ICT1/eduvalt-laravel/vendor/laravel/framework/src/Illuminate/Pipeline/Pipeline.php(219): Illuminate/Foundation/Http/Middleware/VerifyCsrfToken->handle()
#15 C:/ICT11/ICT1/eduvalt-laravel/vendor/laravel/framework/src/Illuminate/View/Middleware/ShareErrorsFromSession.php(48): Illuminate/Pipeline/Pipeline->{closure:{closure:Illuminate/Pipeline/Pipeline::carry():194}:195}()
#16 C:/ICT11/ICT1/eduvalt-laravel/vendor/laravel/framework/src/Illuminate/Pipeline/Pipeline.php(219): Illuminate/View/Middleware/ShareErrorsFromSession->handle()
#17 C:/ICT11/ICT1/eduvalt-laravel/vendor/laravel/framework/src/Illuminate/Session/Middleware/StartSession.php(120): Illuminate/Pipeline/Pipeline->{closure:{closure:Illuminate/Pipeline/Pipeline::carry():194}:195}()
#18 C:/ICT11/ICT1/eduvalt-laravel/vendor/laravel/framework/src/Illuminate/Session/Middleware/StartSession.php(63): Illuminate/Session/Middleware/StartSession->handleStatefulRequest()
#19 C:/ICT11/ICT1/eduvalt-laravel/vendor/laravel/framework/src/Illuminate/Pipeline/Pipeline.php(219): Illuminate/Session/Middleware/StartSession->handle()
#20 C:/ICT11/ICT1/eduvalt-laravel/vendor/laravel/framework/src/Illuminate/Cookie/Middleware/AddQueuedCookiesToResponse.php(36): Illuminate/Pipeline/Pipeline->{closure:{closure:Illuminate/Pipeline/Pipeline::carry():194}:195}()
#21 C:/ICT11/ICT1/eduvalt-laravel/vendor/laravel/framework/src/Illuminate/Pipeline/Pipeline.php(219): Illuminate/Cookie/Middleware/AddQueuedCookiesToResponse->handle()
#22 C:/ICT11/ICT1/eduvalt-laravel/vendor/laravel/framework/src/Illuminate/Cookie/Middleware/EncryptCookies.php(74): Illuminate/Pipeline/Pipeline->{closure:{closure:Illuminate/Pipeline/Pipeline::carry():194}:195}()
#23 C:/ICT11/ICT1/eduvalt-laravel/vendor/laravel/framework/src/Illuminate/Pipeline/Pipeline.php(219): Illuminate/Cookie/Middleware/EncryptCookies->handle()
#24 C:/ICT11/ICT1/eduvalt-laravel/vendor/laravel/framework/src/Illuminate/Pipeline/Pipeline.php(137): Illuminate/Pipeline/Pipeline->{closure:{closure:Illuminate/Pipeline/Pipeline::carry():194}:195}()
#25 C:/ICT11/ICT1/eduvalt-laravel/vendor/laravel/framework/src/Illuminate/Routing/Router.php(821): Illuminate/Pipeline/Pipeline->then()
#26 C:/ICT11/ICT1/eduvalt-laravel/vendor/laravel/framework/src/Illuminate/Routing/Router.php(800): Illuminate/Routing/Router->runRouteWithinStack()
#27 C:/ICT11/ICT1/eduvalt-laravel/vendor/laravel/framework/src/Illuminate/Routing/Router.php(764): Illuminate/Routing/Router->runRoute()
#28 C:/ICT11/ICT1/eduvalt-laravel/vendor/laravel/framework/src/Illuminate/Routing/Router.php(753): Illuminate/Routing/Router->dispatchToRoute()
#29 C:/ICT11/ICT1/eduvalt-laravel/vendor/laravel/framework/src/Illuminate/Foundation/Http/Kernel.php(200): Illuminate/Routing/Router->dispatch()
#30 C:/ICT11/ICT1/eduvalt-laravel/vendor/laravel/framework/src/Illuminate/Pipeline/Pipeline.php(180): Illuminate/Foundation/Http/Kernel->{closure:Illuminate/Foundation/Http/Kernel::dispatchToRouter():197}()
#31 C:/ICT11/ICT1/eduvalt-laravel/vendor/laravel/framework/src/Illuminate/Foundation/Http/Middleware/TransformsRequest.php(21): Illuminate/Pipeline/Pipeline->{closure:Illuminate/Pipeline/Pipeline::prepareDestination():178}()
#32 C:/ICT11/ICT1/eduvalt-laravel/vendor/laravel/framework/src/Illuminate/Foundation/Http/Middleware/ConvertEmptyStringsToNull.php(31): Illuminate/Foundation/Http/Middleware/TransformsRequest->handle()
#33 C:/ICT11/ICT1/eduvalt-laravel/vendor/laravel/framework/src/Illuminate/Pipeline/Pipeline.php(219): Illuminate/Foundation/Http/Middleware/ConvertEmptyStringsToNull->handle()
#34 C:/ICT11/ICT1/eduvalt-laravel/vendor/laravel/framework/src/Illuminate/Foundation/Http/Middleware/TransformsRequest.php(21): Illuminate/Pipeline/Pipeline->{closure:{closure:Illuminate/Pipeline/Pipeline::carry():194}:195}()
#35 C:/ICT11/ICT1/eduvalt-laravel/vendor/laravel/framework/src/Illuminate/Foundation/Http/Middleware/TrimStrings.php(51): Illuminate/Foundation/Http/Middleware/TransformsRequest->handle()
#36 C:/ICT11/ICT1/eduvalt-laravel/vendor/laravel/framework/src/Illuminate/Pipeline/Pipeline.php(219): Illuminate/Foundation/Http/Middleware/TrimStrings->handle()
#37 C:/ICT11/ICT1/eduvalt-laravel/vendor/laravel/framework/src/Illuminate/Http/Middleware/ValidatePostSize.php(27): Illuminate/Pipeline/Pipeline->{closure:{closure:Illuminate/Pipeline/Pipeline::carry():194}:195}()
#38 C:/ICT11/ICT1/eduvalt-laravel/vendor/laravel/framework/src/Illuminate/Pipeline/Pipeline.php(219): Illuminate/Http/Middleware/ValidatePostSize->handle()
#39 C:/ICT11/ICT1/eduvalt-laravel/vendor/laravel/framework/src/Illuminate/Foundation/Http/Middleware/PreventRequestsDuringMaintenance.php(109): Illuminate/Pipeline/Pipeline->{closure:{closure:Illuminate/Pipeline/Pipeline::carry():194}:195}()
#40 C:/ICT11/ICT1/eduvalt-laravel/vendor/laravel/framework/src/Illuminate/Pipeline/Pipeline.php(219): Illuminate/Foundation/Http/Middleware/PreventRequestsDuringMaintenance->handle()
#41 C:/ICT11/ICT1/eduvalt-laravel/vendor/laravel/framework/src/Illuminate/Http/Middleware/HandleCors.php(61): Illuminate/Pipeline/Pipeline->{closure:{closure:Illuminate/Pipeline/Pipeline::carry():194}:195}()
#42 C:/ICT11/ICT1/eduvalt-laravel/vendor/laravel/framework/src/Illuminate/Pipeline/Pipeline.php(219): Illuminate/Http/Middleware/HandleCors->handle()
#43 C:/ICT11/ICT1/eduvalt-laravel/vendor/laravel/framework/src/Illuminate/Http/Middleware/TrustProxies.php(58): Illuminate/Pipeline/Pipeline->{closure:{closure:Illuminate/Pipeline/Pipeline::carry():194}:195}()
#44 C:/ICT11/ICT1/eduvalt-laravel/vendor/laravel/framework/src/Illuminate/Pipeline/Pipeline.php(219): Illuminate/Http/Middleware/TrustProxies->handle()
#45 C:/ICT11/ICT1/eduvalt-laravel/vendor/laravel/framework/src/Illuminate/Pipeline/Pipeline.php(137): Illuminate/Pipeline/Pipeline->{closure:{closure:Illuminate/Pipeline/Pipeline::carry():194}:195}()
#46 C:/ICT11/ICT1/eduvalt-laravel/vendor/laravel/framework/src/Illuminate/Foundation/Http/Kernel.php(175): Illuminate/Pipeline/Pipeline->then()
#47 C:/ICT11/ICT1/eduvalt-laravel/vendor/laravel/framework/src/Illuminate/Foundation/Http/Kernel.php(144): Illuminate/Foundation/Http/Kernel->sendRequestThroughRouter()
#48 C:/ICT11/ICT1/eduvalt-laravel/public/index.php(36): Illuminate/Foundation/Http/Kernel->handle()
#49 C:/ICT11/ICT1/eduvalt-laravel/vendor/laravel/framework/src/Illuminate/Foundation/resources/server.php(23): require_once('...')
#50 {main}

[previous exception] [object] (Symfony\\Component\\Routing\\Exception\\RouteNotFoundException(code: 0): Route [services] not defined. at C:/ICT11/ICT1/eduvalt-laravel/vendor/laravel/framework/src/Illuminate/Routing/UrlGenerator.php:528)
[stacktrace]
#0 C:/ICT11/ICT1/eduvalt-laravel/vendor/laravel/framework/src/Illuminate/Foundation/helpers.php(870): Illuminate/Routing/UrlGenerator->route()
#1 C:/ICT11/ICT1/eduvalt-laravel/storage/framework/views/71e3d4f62463ec7f1c594ada94c637f4.php(38): route()
#2 C:/ICT11/ICT1/eduvalt-laravel/vendor/laravel/framework/src/Illuminate/Filesystem/Filesystem.php(123): require('...')
#3 C:/ICT11/ICT1/eduvalt-laravel/vendor/laravel/framework/src/Illuminate/Filesystem/Filesystem.php(124): Illuminate/Filesystem/Filesystem::{closure:Illuminate/Filesystem/Filesystem::getRequire():120}()
#4 C:/ICT11/ICT1/eduvalt-laravel/vendor/laravel/framework/src/Illuminate/View/Engines/PhpEngine.php(57): Illuminate/Filesystem/Filesystem->getRequire()
#5 C:/ICT11/ICT1/eduvalt-laravel/vendor/laravel/framework/src/Illuminate/View/Engines/CompilerEngine.php(76): Illuminate/View/Engines/PhpEngine->evaluatePath()
#6 C:/ICT11/ICT1/eduvalt-laravel/vendor/laravel/framework/src/Illuminate/View/View.php(208): Illuminate/View/Engines/CompilerEngine->get()
#7 C:/ICT11/ICT1/eduvalt-laravel/vendor/laravel/framework/src/Illuminate/View/View.php(191): Illuminate/View/View->getContents()
#8 C:/ICT11/ICT1/eduvalt-laravel/vendor/laravel/framework/src/Illuminate/View/View.php(160): Illuminate/View/View->renderContents()
#9 C:/ICT11/ICT1/eduvalt-laravel/vendor/laravel/framework/src/Illuminate/Http/Response.php(78): Illuminate/View/View->render()
#10 C:/ICT11/ICT1/eduvalt-laravel/vendor/laravel/framework/src/Illuminate/Http/Response.php(34): Illuminate/Http/Response->setContent()
#11 C:/ICT11/ICT1/eduvalt-laravel/vendor/laravel/framework/src/Illuminate/Routing/Router.php(939): Illuminate/Http/Response->__construct()
#12 C:/ICT11/ICT1/eduvalt-laravel/vendor/laravel/framework/src/Illuminate/Routing/Router.php(906): Illuminate/Routing/Router::toResponse()
#13 C:/ICT11/ICT1/eduvalt-laravel/vendor/laravel/framework/src/Illuminate/Routing/Router.php(821): Illuminate/Routing/Router->prepareResponse()
#14 C:/ICT11/ICT1/eduvalt-laravel/vendor/laravel/framework/src/Illuminate/Pipeline/Pipeline.php(180): Illuminate/Routing/Router->{closure:Illuminate/Routing/Router::runRouteWithinStack():821}()
#15 C:/ICT11/ICT1/eduvalt-laravel/vendor/laravel/framework/src/Illuminate/Routing/Middleware/SubstituteBindings.php(50): Illuminate/Pipeline/Pipeline->{closure:Illuminate/Pipeline/Pipeline::prepareDestination():178}()
#16 C:/ICT11/ICT1/eduvalt-laravel/vendor/laravel/framework/src/Illuminate/Pipeline/Pipeline.php(219): Illuminate/Routing/Middleware/SubstituteBindings->handle()
#17 C:/ICT11/ICT1/eduvalt-laravel/vendor/laravel/framework/src/Illuminate/Foundation/Http/Middleware/VerifyCsrfToken.php(87): Illuminate/Pipeline/Pipeline->{closure:{closure:Illuminate/Pipeline/Pipeline::carry():194}:195}()
#18 C:/ICT11/ICT1/eduvalt-laravel/vendor/laravel/framework/src/Illuminate/Pipeline/Pipeline.php(219): Illuminate/Foundation/Http/Middleware/VerifyCsrfToken->handle()
#19 C:/ICT11/ICT1/eduvalt-laravel/vendor/laravel/framework/src/Illuminate/View/Middleware/ShareErrorsFromSession.php(48): Illuminate/Pipeline/Pipeline->{closure:{closure:Illuminate/Pipeline/Pipeline::carry():194}:195}()
#20 C:/ICT11/ICT1/eduvalt-laravel/vendor/laravel/framework/src/Illuminate/Pipeline/Pipeline.php(219): Illuminate/View/Middleware/ShareErrorsFromSession->handle()
#21 C:/ICT11/ICT1/eduvalt-laravel/vendor/laravel/framework/src/Illuminate/Session/Middleware/StartSession.php(120): Illuminate/Pipeline/Pipeline->{closure:{closure:Illuminate/Pipeline/Pipeline::carry():194}:195}()
#22 C:/ICT11/ICT1/eduvalt-laravel/vendor/laravel/framework/src/Illuminate/Session/Middleware/StartSession.php(63): Illuminate/Session/Middleware/StartSession->handleStatefulRequest()
#23 C:/ICT11/ICT1/eduvalt-laravel/vendor/laravel/framework/src/Illuminate/Pipeline/Pipeline.php(219): Illuminate/Session/Middleware/StartSession->handle()
#24 C:/ICT11/ICT1/eduvalt-laravel/vendor/laravel/framework/src/Illuminate/Cookie/Middleware/AddQueuedCookiesToResponse.php(36): Illuminate/Pipeline/Pipeline->{closure:{closure:Illuminate/Pipeline/Pipeline::carry():194}:195}()
#25 C:/ICT11/ICT1/eduvalt-laravel/vendor/laravel/framework/src/Illuminate/Pipeline/Pipeline.php(219): Illuminate/Cookie/Middleware/AddQueuedCookiesToResponse->handle()
#26 C:/ICT11/ICT1/eduvalt-laravel/vendor/laravel/framework/src/Illuminate/Cookie/Middleware/EncryptCookies.php(74): Illuminate/Pipeline/Pipeline->{closure:{closure:Illuminate/Pipeline/Pipeline::carry():194}:195}()
#27 C:/ICT11/ICT1/eduvalt-laravel/vendor/laravel/framework/src/Illuminate/Pipeline/Pipeline.php(219): Illuminate/Cookie/Middleware/EncryptCookies->handle()
#28 C:/ICT11/ICT1/eduvalt-laravel/vendor/laravel/framework/src/Illuminate/Pipeline/Pipeline.php(137): Illuminate/Pipeline/Pipeline->{closure:{closure:Illuminate/Pipeline/Pipeline::carry():194}:195}()
#29 C:/ICT11/ICT1/eduvalt-laravel/vendor/laravel/framework/src/Illuminate/Routing/Router.php(821): Illuminate/Pipeline/Pipeline->then()
#30 C:/ICT11/ICT1/eduvalt-laravel/vendor/laravel/framework/src/Illuminate/Routing/Router.php(800): Illuminate/Routing/Router->runRouteWithinStack()
#31 C:/ICT11/ICT1/eduvalt-laravel/vendor/laravel/framework/src/Illuminate/Routing/Router.php(764): Illuminate/Routing/Router->runRoute()
#32 C:/ICT11/ICT1/eduvalt-laravel/vendor/laravel/framework/src/Illuminate/Routing/Router.php(753): Illuminate/Routing/Router->dispatchToRoute()
#33 C:/ICT11/ICT1/eduvalt-laravel/vendor/laravel/framework/src/Illuminate/Foundation/Http/Kernel.php(200): Illuminate/Routing/Router->dispatch()
#34 C:/ICT11/ICT1/eduvalt-laravel/vendor/laravel/framework/src/Illuminate/Pipeline/Pipeline.php(180): Illuminate/Foundation/Http/Kernel->{closure:Illuminate/Foundation/Http/Kernel::dispatchToRouter():197}()
#35 C:/ICT11/ICT1/eduvalt-laravel/vendor/laravel/framework/src/Illuminate/Foundation/Http/Middleware/TransformsRequest.php(21): Illuminate/Pipeline/Pipeline->{closure:Illuminate/Pipeline/Pipeline::prepareDestination():178}()
#36 C:/ICT11/ICT1/eduvalt-laravel/vendor/laravel/framework/src/Illuminate/Foundation/Http/Middleware/ConvertEmptyStringsToNull.php(31): Illuminate/Foundation/Http/Middleware/TransformsRequest->handle()
#37 C:/ICT11/ICT1/eduvalt-laravel/vendor/laravel/framework/src/Illuminate/Pipeline/Pipeline.php(219): Illuminate/Foundation/Http/Middleware/ConvertEmptyStringsToNull->handle()
#38 C:/ICT11/ICT1/eduvalt-laravel/vendor/laravel/framework/src/Illuminate/Foundation/Http/Middleware/TransformsRequest.php(21): Illuminate/Pipeline/Pipeline->{closure:{closure:Illuminate/Pipeline/Pipeline::carry():194}:195}()
#39 C:/ICT11/ICT1/eduvalt-laravel/vendor/laravel/framework/src/Illuminate/Foundation/Http/Middleware/TrimStrings.php(51): Illuminate/Foundation/Http/Middleware/TransformsRequest->handle()
#40 C:/ICT11/ICT1/eduvalt-laravel/vendor/laravel/framework/src/Illuminate/Pipeline/Pipeline.php(219): Illuminate/Foundation/Http/Middleware/TrimStrings->handle()
#41 C:/ICT11/ICT1/eduvalt-laravel/vendor/laravel/framework/src/Illuminate/Http/Middleware/ValidatePostSize.php(27): Illuminate/Pipeline/Pipeline->{closure:{closure:Illuminate/Pipeline/Pipeline::carry():194}:195}()
#42 C:/ICT11/ICT1/eduvalt-laravel/vendor/laravel/framework/src/Illuminate/Pipeline/Pipeline.php(219): Illuminate/Http/Middleware/ValidatePostSize->handle()
#43 C:/ICT11/ICT1/eduvalt-laravel/vendor/laravel/framework/src/Illuminate/Foundation/Http/Middleware/PreventRequestsDuringMaintenance.php(109): Illuminate/Pipeline/Pipeline->{closure:{closure:Illuminate/Pipeline/Pipeline::carry():194}:195}()
#44 C:/ICT11/ICT1/eduvalt-laravel/vendor/laravel/framework/src/Illuminate/Pipeline/Pipeline.php(219): Illuminate/Foundation/Http/Middleware/PreventRequestsDuringMaintenance->handle()
#45 C:/ICT11/ICT1/eduvalt-laravel/vendor/laravel/framework/src/Illuminate/Http/Middleware/HandleCors.php(61): Illuminate/Pipeline/Pipeline->{closure:{closure:Illuminate/Pipeline/Pipeline::carry():194}:195}()
#46 C:/ICT11/ICT1/eduvalt-laravel/vendor/laravel/framework/src/Illuminate/Pipeline/Pipeline.php(219): Illuminate/Http/Middleware/HandleCors->handle()
#47 C:/ICT11/ICT1/eduvalt-laravel/vendor/laravel/framework/src/Illuminate/Http/Middleware/TrustProxies.php(58): Illuminate/Pipeline/Pipeline->{closure:{closure:Illuminate/Pipeline/Pipeline::carry():194}:195}()
#48 C:/ICT11/ICT1/eduvalt-laravel/vendor/laravel/framework/src/Illuminate/Pipeline/Pipeline.php(219): Illuminate/Http/Middleware/TrustProxies->handle()
#49 C:/ICT11/ICT1/eduvalt-laravel/vendor/laravel/framework/src/Illuminate/Pipeline/Pipeline.php(137): Illuminate/Pipeline/Pipeline->{closure:{closure:Illuminate/Pipeline/Pipeline::carry():194}:195}()
#50 C:/ICT11/ICT1/eduvalt-laravel/vendor/laravel/framework/src/Illuminate/Foundation/Http/Kernel.php(175): Illuminate/Pipeline/Pipeline->then()
#51 C:/ICT11/ICT1/eduvalt-laravel/vendor/laravel/framework/src/Illuminate/Foundation/Http/Kernel.php(144): Illuminate/Foundation/Http/Kernel->sendRequestThroughRouter()
#52 C:/ICT11/ICT1/eduvalt-laravel/public/index.php(36): Illuminate/Foundation/Http/Kernel->handle()
#53 C:/ICT11/ICT1/eduvalt-laravel/vendor/laravel/framework/src/Illuminate/Foundation/resources/server.php(23): require_once('...')
#54 {main}
"} 
[2026-02-18 07:12:03] local.INFO: 🚀 [PERFORMANCE] Request processed {"url":"http://localhost:8000","method":"GET","execution_time":"202.06ms","memory_used":"2.03MB","status_code":200,"ip":"127.0.0.1"} 
[2026-02-18 07:14:07] local.INFO: 🚀 [PERFORMANCE] Request processed {"url":"http://localhost:8000","method":"GET","execution_time":"139.25ms","memory_used":"1.75MB","status_code":200,"ip":"127.0.0.1"} 
[2026-02-18 07:20:23] local.INFO: 🚀 [PERFORMANCE] Request processed {"url":"http://localhost:8000","method":"GET","execution_time":"130.41ms","memory_used":"1.75MB","status_code":200,"ip":"127.0.0.1"} 
[2026-02-18 07:31:05] local.INFO: 🚀 [PERFORMANCE] Request processed {"url":"http://localhost:8000","method":"GET","execution_time":"171.61ms","memory_used":"1.75MB","status_code":200,"ip":"127.0.0.1"} 
[2026-02-18 07:48:38] local.INFO: 🚀 [PERFORMANCE] Request processed {"url":"http://localhost:8000","method":"GET","execution_time":"544.77ms","memory_used":"2.03MB","status_code":200,"ip":"127.0.0.1"} 
[2026-02-18 08:00:07] local.INFO: 🚀 [PERFORMANCE] Request processed {"url":"http://localhost:8000","method":"GET","execution_time":"127.1ms","memory_used":"2.03MB","status_code":200,"ip":"127.0.0.1"} 
[2026-02-18 08:04:49] local.INFO: 🚀 [PERFORMANCE] Request processed {"url":"http://localhost:8000","method":"GET","execution_time":"688.13ms","memory_used":"2.03MB","status_code":200,"ip":"127.0.0.1"} 
[2026-02-18 08:09:24] local.INFO: 🚀 [PERFORMANCE] Request processed {"url":"http://localhost:8000","method":"GET","execution_time":"211.81ms","memory_used":"2.03MB","status_code":200,"ip":"127.0.0.1"} 
[2026-02-18 08:11:43] local.INFO: 🚀 [PERFORMANCE] Request processed {"url":"http://localhost:8000","method":"GET","execution_time":"120.38ms","memory_used":"2.03MB","status_code":200,"ip":"127.0.0.1"} 
[2026-02-18 08:12:14] local.INFO: 🚀 [PERFORMANCE] Request processed {"url":"http://localhost:8000","method":"GET","execution_time":"63.12ms","memory_used":"1.76MB","status_code":200,"ip":"127.0.0.1"} 
[2026-02-18 08:12:51] local.INFO: 🚀 [PERFORMANCE] Request processed {"url":"http://localhost:8000/services/outsourced-ict-support","method":"GET","execution_time":"96.2ms","memory_used":"1.83MB","status_code":200,"ip":"127.0.0.1"} 
[2026-02-18 08:13:48] local.INFO: 🚀 [PERFORMANCE] Request processed {"url":"http://localhost:8000","method":"GET","execution_time":"149.17ms","memory_used":"2.03MB","status_code":200,"ip":"127.0.0.1"} 
[2026-02-18 08:14:25] local.INFO: 🚀 [PERFORMANCE] Request processed {"url":"http://localhost:8000","method":"GET","execution_time":"96.46ms","memory_used":"2.03MB","status_code":200,"ip":"127.0.0.1"} 
[2026-02-18 08:16:11] local.INFO: 🚀 [PERFORMANCE] Request processed {"url":"http://localhost:8000","method":"GET","execution_time":"68.81ms","memory_used":"1.76MB","status_code":200,"ip":"127.0.0.1"} 
[2026-02-18 08:17:17] local.INFO: 🚀 [PERFORMANCE] Request processed {"url":"http://localhost:8000","method":"GET","execution_time":"123.23ms","memory_used":"2.03MB","status_code":200,"ip":"127.0.0.1"} 
[2026-02-18 08:18:49] local.INFO: 🚀 [PERFORMANCE] Request processed {"url":"http://localhost:8000","method":"GET","execution_time":"119.27ms","memory_used":"2.03MB","status_code":200,"ip":"127.0.0.1"} 
[2026-02-18 08:19:35] local.INFO: 🚀 [PERFORMANCE] Request processed {"url":"http://localhost:8000","method":"GET","execution_time":"233.92ms","memory_used":"1.76MB","status_code":200,"ip":"127.0.0.1"} 
[2026-02-18 08:22:36] local.INFO: 🚀 [PERFORMANCE] Request processed {"url":"http://localhost:8000","method":"GET","execution_time":"158.86ms","memory_used":"2.04MB","status_code":200,"ip":"127.0.0.1"} 
[2026-02-18 08:25:11] local.INFO: 🚀 [PERFORMANCE] Request processed {"url":"http://localhost:8000","method":"GET","execution_time":"186.04ms","memory_used":"2.04MB","status_code":200,"ip":"127.0.0.1"} 
[2026-02-18 08:26:16] local.INFO: 🚀 [PERFORMANCE] Request processed {"url":"http://localhost:8000","method":"GET","execution_time":"92.02ms","memory_used":"1.76MB","status_code":200,"ip":"127.0.0.1"} 
[2026-02-18 08:29:44] local.INFO: 🚀 [PERFORMANCE] Request processed {"url":"http://localhost:8000","method":"GET","execution_time":"158.82ms","memory_used":"2.03MB","status_code":200,"ip":"127.0.0.1"} 
[2026-02-18 08:32:25] local.INFO: 🚀 [PERFORMANCE] Request processed {"url":"http://localhost:8000","method":"GET","execution_time":"221.35ms","memory_used":"2.04MB","status_code":200,"ip":"127.0.0.1"} 
[2026-02-18 08:39:12] local.INFO: 🚀 [PERFORMANCE] Request processed {"url":"http://localhost:8000","method":"GET","execution_time":"357ms","memory_used":"2.04MB","status_code":200,"ip":"127.0.0.1"} 
[2026-02-18 08:43:55] local.INFO: 🚀 [PERFORMANCE] Request processed {"url":"http://localhost:8000","method":"GET","execution_time":"169.13ms","memory_used":"2.04MB","status_code":200,"ip":"127.0.0.1"} 
[2026-02-18 08:46:34] local.INFO: 🚀 [PERFORMANCE] Request processed {"url":"http://localhost:8000","method":"GET","execution_time":"134.16ms","memory_used":"2.04MB","status_code":200,"ip":"127.0.0.1"} 
[2026-02-18 08:49:22] local.INFO: 🚀 [PERFORMANCE] Request processed {"url":"http://localhost:8000","method":"GET","execution_time":"130.47ms","memory_used":"2.03MB","status_code":200,"ip":"127.0.0.1"} 
[2026-02-18 08:50:25] local.INFO: 🚀 [PERFORMANCE] Request processed {"url":"http://localhost:8000","method":"GET","execution_time":"202.57ms","memory_used":"2.03MB","status_code":200,"ip":"127.0.0.1"} 
[2026-02-18 08:51:18] local.INFO: 🚀 [PERFORMANCE] Request processed {"url":"http://localhost:8000","method":"GET","execution_time":"147.29ms","memory_used":"1.76MB","status_code":200,"ip":"127.0.0.1"} 
[2026-02-18 08:52:19] local.INFO: 🚀 [PERFORMANCE] Request processed {"url":"http://localhost:8000","method":"GET","execution_time":"125.57ms","memory_used":"2.03MB","status_code":200,"ip":"127.0.0.1"} 
[2026-02-18 08:56:57] local.INFO: 🚀 [PERFORMANCE] Request processed {"url":"http://localhost:8000","method":"GET","execution_time":"154.7ms","memory_used":"2.05MB","status_code":200,"ip":"127.0.0.1"} 
[2026-02-18 08:57:06] local.INFO: 🚀 [PERFORMANCE] Request processed {"url":"http://localhost:8000/services/cloud-services","method":"GET","execution_time":"85.33ms","memory_used":"1.58MB","status_code":200,"ip":"127.0.0.1"} 
[2026-02-18 08:57:24] local.INFO: 🚀 [PERFORMANCE] Request processed {"url":"http://localhost:8000","method":"GET","execution_time":"70.44ms","memory_used":"1.78MB","status_code":200,"ip":"127.0.0.1"} 
[2026-02-18 09:12:16] local.INFO: 🚀 [PERFORMANCE] Request processed {"url":"http://localhost:8000","method":"GET","execution_time":"498.59ms","memory_used":"2.04MB","status_code":200,"ip":"127.0.0.1"} 
[2026-02-18 09:29:50] local.INFO: 🚀 [PERFORMANCE] Request processed {"url":"http://localhost:8000","method":"GET","execution_time":"171.05ms","memory_used":"2.05MB","status_code":200,"ip":"127.0.0.1"} 
[2026-02-18 09:31:42] local.INFO: 🚀 [PERFORMANCE] Request processed {"url":"http://localhost:8000/services/outsourced-ict-support","method":"GET","execution_time":"82.51ms","memory_used":"1.84MB","status_code":200,"ip":"127.0.0.1"} 
[2026-02-18 09:33:08] local.INFO: 🚀 [PERFORMANCE] Request processed {"url":"http://localhost:8000","method":"GET","execution_time":"81.25ms","memory_used":"2.05MB","status_code":200,"ip":"127.0.0.1"} 
[2026-02-18 09:38:34] local.INFO: 🚀 [PERFORMANCE] Request processed {"url":"http://localhost:8000/services","method":"GET","execution_time":"84.77ms","memory_used":"1.85MB","status_code":200,"ip":"127.0.0.1"} 
[2026-02-18 09:38:58] local.INFO: 🚀 [PERFORMANCE] Request processed {"url":"http://localhost:8000/services/ict-audits","method":"GET","execution_time":"82.9ms","memory_used":"1.57MB","status_code":200,"ip":"127.0.0.1"} 
[2026-02-18 09:39:09] local.INFO: 🚀 [PERFORMANCE] Request processed {"url":"http://localhost:8000","method":"GET","execution_time":"88.18ms","memory_used":"1.77MB","status_code":200,"ip":"127.0.0.1"} 
[2026-02-18 09:40:17] local.INFO: 🚀 [PERFORMANCE] Request processed {"url":"http://localhost:8000","method":"GET","execution_time":"132.71ms","memory_used":"2.06MB","status_code":200,"ip":"127.0.0.1"} 
[2026-02-18 09:40:24] local.INFO: 🚀 [PERFORMANCE] Request processed {"url":"http://localhost:8000","method":"GET","execution_time":"78.5ms","memory_used":"1.79MB","status_code":200,"ip":"127.0.0.1"} 
[2026-02-18 09:45:35] local.INFO: 🚀 [PERFORMANCE] Request processed {"url":"http://localhost:8000","method":"GET","execution_time":"215.76ms","memory_used":"2.07MB","status_code":200,"ip":"127.0.0.1"} 
[2026-02-18 09:45:59] local.INFO: 🚀 [PERFORMANCE] Request processed {"url":"http://localhost:8000","method":"GET","execution_time":"58.05ms","memory_used":"1.79MB","status_code":200,"ip":"127.0.0.1"} 
[2026-02-18 09:49:26] local.INFO: 🚀 [PERFORMANCE] Request processed {"url":"http://localhost:8000/services","method":"GET","execution_time":"95.05ms","memory_used":"1.85MB","status_code":200,"ip":"127.0.0.1"} 
[2026-02-18 09:49:52] local.INFO: 🚀 [PERFORMANCE] Request processed {"url":"http://localhost:8000/services/ict-training","method":"GET","execution_time":"87.21ms","memory_used":"1.83MB","status_code":404,"ip":"127.0.0.1"} 
[2026-02-18 09:51:25] local.INFO: 🚀 [PERFORMANCE] Request processed {"url":"http://localhost:8000/services","method":"GET","execution_time":"79.47ms","memory_used":"1.58MB","status_code":200,"ip":"127.0.0.1"} 
[2026-02-18 09:51:36] local.INFO: 🚀 [PERFORMANCE] Request processed {"url":"http://localhost:8000","method":"GET","execution_time":"150.86ms","memory_used":"2.07MB","status_code":200,"ip":"127.0.0.1"} 
[2026-02-18 09:53:31] local.INFO: 🚀 [PERFORMANCE] Request processed {"url":"http://localhost:8000","method":"GET","execution_time":"197.87ms","memory_used":"2.07MB","status_code":200,"ip":"127.0.0.1"} 
[2026-02-18 09:53:46] local.INFO: 🚀 [PERFORMANCE] Request processed {"url":"http://localhost:8000/services/software-solutions","method":"GET","execution_time":"78.89ms","memory_used":"1.84MB","status_code":200,"ip":"127.0.0.1"} 
[2026-02-18 09:54:49] local.INFO: 🚀 [PERFORMANCE] Request processed {"url":"http://localhost:8000","method":"GET","execution_time":"65.66ms","memory_used":"1.8MB","status_code":200,"ip":"127.0.0.1"} 
[2026-02-18 09:57:41] local.INFO: 🚀 [PERFORMANCE] Request processed {"url":"http://localhost:8000","method":"GET","execution_time":"106.45ms","memory_used":"2.07MB","status_code":200,"ip":"127.0.0.1"} 
[2026-02-18 10:01:06] local.INFO: 🚀 [PERFORMANCE] Request processed {"url":"http://localhost:8000","method":"GET","execution_time":"100.85ms","memory_used":"2.07MB","status_code":200,"ip":"127.0.0.1"} 
[2026-02-18 10:12:11] local.INFO: 🚀 [PERFORMANCE] Request processed {"url":"http://localhost:8000","method":"GET","execution_time":"384.94ms","memory_used":"2.07MB","status_code":200,"ip":"127.0.0.1"} 
[2026-02-18 10:15:17] local.INFO: 🚀 [PERFORMANCE] Request processed {"url":"http://localhost:8000","method":"GET","execution_time":"185.18ms","memory_used":"2.08MB","status_code":200,"ip":"127.0.0.1"} 
[2026-02-18 10:16:49] local.INFO: 🚀 [PERFORMANCE] Request processed {"url":"http://localhost:8000/services/datacenter-solutions","method":"GET","execution_time":"82.99ms","memory_used":"1.84MB","status_code":200,"ip":"127.0.0.1"} 
[2026-02-18 11:03:11] local.INFO: 🚀 [PERFORMANCE] Request processed {"url":"http://localhost:8000","method":"GET","execution_time":"391.67ms","memory_used":"1.81MB","status_code":200,"ip":"127.0.0.1"} 
[2026-02-18 11:09:27] local.INFO: 🚀 [PERFORMANCE] Request processed {"url":"http://localhost:8000","method":"GET","execution_time":"194.82ms","memory_used":"2.08MB","status_code":200,"ip":"127.0.0.1"} 
[2026-02-18 11:18:14] local.INFO: 🚀 [PERFORMANCE] Request processed {"url":"http://localhost:8000","method":"GET","execution_time":"147.74ms","memory_used":"2.08MB","status_code":200,"ip":"127.0.0.1"} 
[2026-02-18 13:04:09] local.INFO: 🚀 [PERFORMANCE] Request processed {"url":"http://localhost:8000","method":"GET","execution_time":"478.92ms","memory_used":"1.81MB","status_code":200,"ip":"127.0.0.1"} 
[2026-02-18 13:08:22] local.INFO: 🚀 [PERFORMANCE] Request processed {"url":"http://localhost:8000/services/network-infrastructure","method":"GET","execution_time":"410.07ms","memory_used":"1.84MB","status_code":200,"ip":"127.0.0.1"} 
[2026-02-18 13:08:42] local.INFO: 🚀 [PERFORMANCE] Request processed {"url":"http://localhost:8000/services/network-infrastructure","method":"GET","execution_time":"63.94ms","memory_used":"1.57MB","status_code":200,"ip":"127.0.0.1"} 
[2026-02-18 13:08:49] local.INFO: 🚀 [PERFORMANCE] Request processed {"url":"http://localhost:8000","method":"GET","execution_time":"321.6ms","memory_used":"2.07MB","status_code":200,"ip":"127.0.0.1"} 
[2026-02-19 07:42:17] local.INFO: 🚀 [PERFORMANCE] Request processed {"url":"http://localhost:8000","method":"GET","execution_time":"503.87ms","memory_used":"1.51MB","status_code":200,"ip":"127.0.0.1"} 
[2026-02-19 07:42:37] local.INFO: 🚀 [PERFORMANCE] Request processed {"url":"http://localhost:8000","method":"GET","execution_time":"95.85ms","memory_used":"1.18MB","status_code":200,"ip":"127.0.0.1"} 
[2026-02-19 07:43:25] local.INFO: 🚀 [PERFORMANCE] Request processed {"url":"http://localhost:8000","method":"GET","execution_time":"139.44ms","memory_used":"1.24MB","status_code":200,"ip":"127.0.0.1"} 
[2026-02-19 07:44:01] local.INFO: 🚀 [PERFORMANCE] Request processed {"url":"http://localhost:8000","method":"GET","execution_time":"128.27ms","memory_used":"1.24MB","status_code":200,"ip":"127.0.0.1"} 
[2026-02-19 07:48:52] local.INFO: 🚀 [PERFORMANCE] Request processed {"url":"http://localhost:8000","method":"GET","execution_time":"174.77ms","memory_used":"1.45MB","status_code":200,"ip":"127.0.0.1"} 
[2026-02-19 07:50:46] local.INFO: 🚀 [PERFORMANCE] Request processed {"url":"http://localhost:8000","method":"GET","execution_time":"123.23ms","memory_used":"1.45MB","status_code":200,"ip":"127.0.0.1"} 
[2026-02-19 07:52:22] local.INFO: 🚀 [PERFORMANCE] Request processed {"url":"http://localhost:8000","method":"GET","execution_time":"91.53ms","memory_used":"1.45MB","status_code":200,"ip":"127.0.0.1"} 
[2026-02-19 07:53:20] local.INFO: 🚀 [PERFORMANCE] Request processed {"url":"http://localhost:8000","method":"GET","execution_time":"119.71ms","memory_used":"1.45MB","status_code":200,"ip":"127.0.0.1"} 
[2026-02-19 07:58:58] local.INFO: 🚀 [PERFORMANCE] Request processed {"url":"http://localhost:8000","method":"GET","execution_time":"127.93ms","memory_used":"1.45MB","status_code":200,"ip":"127.0.0.1"} 
[2026-02-19 08:04:54] local.INFO: 🚀 [PERFORMANCE] Request processed {"url":"http://localhost:8000","method":"GET","execution_time":"197.24ms","memory_used":"1.18MB","status_code":200,"ip":"127.0.0.1"} 
[2026-02-19 08:05:33] local.INFO: 🚀 [PERFORMANCE] Request processed {"url":"http://localhost:8000/services/bulk-sms","method":"GET","execution_time":"132.25ms","memory_used":"1.16MB","status_code":200,"ip":"127.0.0.1"} 
[2026-02-19 08:06:22] local.INFO: 🚀 [PERFORMANCE] Request processed {"url":"http://localhost:8000/services/bulk-sms","method":"GET","execution_time":"91.86ms","memory_used":"1.16MB","status_code":200,"ip":"127.0.0.1"} 
